Arguments: 
  /home/herman/.virtualenvs/vinderjs-py36-venv/bin/node /usr/share/yarn/bin/yarn.js add formik

PATH: 
  /home/herman/.virtualenvs/vinderjs-py36-venv/bin:/home/herman/bin:/home/herman/.local/bin:/usr/local/sbin:/usr/local/bin:/usr/sbin:/usr/bin:/sbin:/bin:/usr/games:/usr/local/games:/snap/bin

Yarn version: 
  1.12.3

Node version: 
  11.1.0

Platform: 
  linux x64

Trace: 
  SyntaxError: /home/herman/Sites/react-vorms/package.json: Unexpected token } in JSON at position 384
      at JSON.parse (<anonymous>)
      at /usr/share/yarn/lib/cli.js:1631:59
      at Generator.next (<anonymous>)
      at step (/usr/share/yarn/lib/cli.js:304:30)
      at /usr/share/yarn/lib/cli.js:315:13

npm manifest: 
  {
    "name": "react-vorms",
    "version": "1.0.0",
    "description": "Batteries included, minimal setup reusable forms for React & Bootstrap apps",
    "license": "MIT",
    "repository": "sizeight/react-vorms",
    "main": "lib/react-vorms.min.js",
    "keywords": [
      "react",
      "formik",
      "Bootstrap",
      "reactsrap"
    ],
    "author": "Herman Pretorius (https://github.com/sizeight)",
  }

yarn manifest: 
  No manifest

Lockfile: 
  No lockfile
